Arguments: 
  C:\Program Files\nodejs\node.exe C:\Users\12604\AppData\Roaming\npm\node_modules\yarn\bin\yarn.js update

PATH: 
  C:\Program Files (x86)\Common Files\Oracle\Java\javapath;C:\Program Files\NVIDIA GPU Computing Toolkit\CUDA\v10.1\bin;C:\Program Files\NVIDIA GPU Computing Toolkit\CUDA\v10.1\libnvvp;C:\Program Files (x86)\Common Files\Intel\Shared Libraries\redist\intel64\compiler;C:\windows\system32;C:\windows;C:\windows\System32\Wbem;C:\windows\System32\WindowsPowerShell\v1.0\;C:\windows\System32\OpenSSH\;C:\Program Files\nvm;C:\Program Files\nodejs;C:\Program Files\WorldPainter;C:\Program Files\PuTTY\;C:\Program Files\NVIDIA Corporation\Nsight Compute 2019.4.0\;C:\Program Files (x86)\NVIDIA Corporation\PhysX\Common;C:\Program Files (x86)\QuickTime\QTSystem\;C:\WINDOWS\system32;C:\WINDOWS;C:\WINDOWS\System32\Wbem;C:\WINDOWS\System32\WindowsPowerShell\v1.0\;C:\WINDOWS\System32\OpenSSH\;C:\Program Files\Git\cmd;C:\Program Files\SourceGear\Common\DiffMerge\;C:\Program Files\Docker\Docker\resources\bin;C:\ProgramData\DockerDesktop\version-bin;C:\Program Files (x86)\Windows Kits\8.1\Windows Performance Toolkit\;C:\Users\12604\AppData\Local\Programs\Python\Python38-32\Scripts\;C:\Users\12604\AppData\Local\Programs\Python\Python38-32\;C:\Users\12604\.windows-build-tools\python27\;C:\Users\12604\AppData\Local\JSONBuddy;C:\Users\12604\AppData\Local\Microsoft\WindowsApps;C:\Users\12604\AppData\Roaming\npm;C:\Users\12604\AppData\Local\Programs\Microsoft VS Code\bin;C:\Users\12604\AppData\Local\GitHubDesktop\bin;C:\Program Files\nvm;C:\Program Files\nodejs;C:\Program Files\heroku\bin;C:\Program Files\Git\bin\;C:\Users\12604\AppData\Local\Microsoft\WindowsApps;C:\Program Files\MongoDB\Server\4.2\bin;C:\Users\12604\AppData\Local\Android\Sdk;C:\Users\12604\AppData\Local\Android\Sdk\platform-tools;C:\Users\12604\AppData\Local\Android\Sdk\tools;C:\Users\12604\AppData\Local\Android\Sdk\tools\bin;C:\Program Files\Docker Toolbox;C:\Program Files\Docker Toolbox;C:\Program Files\Docker Toolbox;C:\Program Files (x86)\Java\jdk1.8.0_231;

Yarn version: 
  1.15.2

Node version: 
  10.13.0

Platform: 
  win32 x64

Trace: 
  SyntaxError: C:\Users\12604\Dropbox (Personal)\Projects\Hotspot App\App\client\package.json: Unexpected token } in JSON at position 2651
      at JSON.parse (<anonymous>)
      at C:\Users\12604\AppData\Roaming\npm\node_modules\yarn\lib\cli.js:1625:59
      at Generator.next (<anonymous>)
      at step (C:\Users\12604\AppData\Roaming\npm\node_modules\yarn\lib\cli.js:304:30)
      at C:\Users\12604\AppData\Roaming\npm\node_modules\yarn\lib\cli.js:315:13

npm manifest: 
  {
    "name": "Vibemap",
    "version": "0.1.1",
    "scripts": {
      "dev": "next dev src",
      "serve": "npm run build & serve -s build",
      "start": "react-scripts start",
      "start-styleguide": "npx styleguidist server",
      "build": "react-scripts build",
      "test": "react-scripts test",
      "eject": "react-scripts eject",
      "deploy": "npm run build && rsync -avzu --delete --progress -h build/ hotspots@app.vibemap.com:/usr/share/nginx/frontend/"
    },
    "dependencies": {
      "@emotion/core": "^10.0.27",
      "@mapbox/geo-viewport": "^0.4.0",
      "@mapbox/geojsonhint": "^3.0.0",
      "@turf/turf": "^5.1.6",
      "@types/jest": "^25.1.2",
      "@types/node": "^13.7.0",
      "@types/react": "^16.9.34",
      "@types/react-dom": "^16.9.6",
      "chroma-js": "^2.1.0",
      "connected-react-router": "^6.5.2",
      "d3-scale": "^3.1.0",
      "emotion": "^10.0.27",
      "geojson": "^0.5.0",
      "history": "^4.10.1",
      "i18next": "^19.1.0",
      "i18next-browser-languagedetector": "^4.0.1",
      "kind-of": "^6.0.3",
      "lodash": "^4.17.15",
      "lodash.merge": "^4.6.2",
      "mapbox-gl": "^0.50",
      "moment": "^2.24.0",
      "next": "^9.4.4",
      "next-redux-wrapper": "^6.0.2",
      "next-routes": "^1.4.2",
      "node-sass": "^4.14.1",
      "prop-types": "^15.7.2",
      "pure-react-carousel": "^1.27.1",
      "qs": "^6.9.2",
      "query-string": "^6.10.1",
      "react": "^16.13.1",
      "react-big-calendar": "^0.23.0",
      "react-canvas-draw": "^1.1.0",
      "react-dom": "^16.13.1",
      "react-fast-compare": "^2.0.4",
      "react-ga": "^3.0.0",
      "react-hot-keys": "^2.5.2",
      "react-i18next": "^11.3.1",
      "react-icons-weather": "^1.0.5",
      "react-inlinesvg": "^1.2.0",
      "react-map-gl": "^5.2.2",
      "react-map-gl-draw": "0.17.2",
      "react-meta-tags": "^0.7.4",
      "react-places-autocomplete": "^7.2.1",
      "react-redux": "^6.0.1",
      "react-router": "^4.3.1",
      "react-router-dom": "^4.3.1",
      "react-scripts": "^2.1.8",
      "react-show-more-text": "^1.3.0",
      "react-slider": "^1.0.3",
      "react-store-badges": "^1.3.0",
      "react-tabs": "^2.3.1",
      "react-tooltip": "^3.11.5",
      "redux": "^4.0.5",
      "request-promise": "^4.2.5",
      "save": "^2.4.0",
      "semantic-ui-react": "^0.88.2",
      "truncate": "^2.1.0",
      "typescript": "^3.7.5",
      "vibemap-constants": "^1.0.7"
    },
    "eslintConfig": {
      "extends": "react-app"
    },
    "engines": {
      "node": "10.x"
    },
    "browserslist": [
      ">0.2%",
      "not dead",
      "not ie <= 11",
      "not op_mini all"
    ],
    "devDependencies": {
      "react-styleguidist": "^11.0.6",
      "semantic-ui": "^2.4.2"
    },
      "resolutions": {
      "@turf/difference": "6.0.1"
    },
  
  }

yarn manifest: 
  No manifest

Lockfile: 
  No lockfile
